<?xml version="1.0" encoding="UTF-8"?>
<testsuite name="us.dit.muit.fs.gestordispositivos.control.BajaDispositivoTest" tests="4" skipped="0" failures="0" errors="0" timestamp="2026-06-12T10:44:47.965Z" hostname="DANI" time="1.756">
  <properties/>
  <testcase name="Da de baja correctamente un dispositivo libre" classname="us.dit.muit.fs.gestordispositivos.control.BajaDispositivoTest" time="1.718"/>
  <testcase name="Da de baja correctamente un dispositivo en mantenimiento sin paciente asignado" classname="us.dit.muit.fs.gestordispositivos.control.BajaDispositivoTest" time="0.003"/>
  <testcase name="Lanza IllegalArgumentException cuando el dispositivo está asignado a un paciente" classname="us.dit.muit.fs.gestordispositivos.control.BajaDispositivoTest" time="0.004"/>
  <testcase name="Lanza IllegalArgumentException cuando el dispositivo no existe" classname="us.dit.muit.fs.gestordispositivos.control.BajaDispositivoTest" time="0.003"/>
  <system-out><![CDATA[]]></system-out>
  <system-err><![CDATA[WARNING: A Java agent has been loaded dynamically (C:\Users\danig\.gradle\caches\modules-2\files-2.1\net.bytebuddy\byte-buddy-agent\1.14.12\be4984cb6fd1ef1d11f218a648889dfda44b8a15\byte-buddy-agent-1.14.12.jar)
WARNING: If a serviceability tool is in use, please run with -XX:+EnableDynamicAgentLoading to hide this warning
WARNING: If a serviceability tool is not in use, please run with -Djdk.instrument.traceUsage for more information
WARNING: Dynamic loading of agents will be disallowed by default in a future release
]]></system-err>
</testsuite>
